==2399== Memcheck, a memory error detector
==2399== Copyright (C) 2002-2015, and GNU GPL'd, by Julian Seward et al.
==2399== Using Valgrind-3.11.0 and LibVEX; rerun with -h for copyright info
==2399== Command: bin/xacto -p 9999
==2399== Parent PID: 2387
==2399== 
==2399== 
==2399== FILE DESCRIPTORS: 8 open at exit.
==2399== Open AF_INET socket 5: 0.0.0.0:9999 <-> unbound
==2399==    at 0x515F5A7: socket (syscall-template.S:84)
==2399==    by 0x403A9E: open_listenfd (in /home/student/bckondracki/hw5/bin/xacto)
==2399==    by 0x403BF0: Open_listenfd (in /home/student/bckondracki/hw5/bin/xacto)
==2399==    by 0x402042: main (in /home/student/bckondracki/hw5/bin/xacto)
==2399== 
==2399== Open file descriptor 13: /dev/shm/bxf_arena_2385 (deleted)
==2399==    <inherited from parent>
==2399== 
==2399== Open file descriptor 12: /dev/shm/bxf_arena_2385 (deleted)
==2399==    <inherited from parent>
==2399== 
==2399== Open file descriptor 4:
==2399==    <inherited from parent>
==2399== 
==2399== Open file descriptor 3: /home/student/bckondracki/hw5/valgrind.out
==2399==    <inherited from parent>
==2399== 
==2399== Open file descriptor 2: /dev/pts/0
==2399==    <inherited from parent>
==2399== 
==2399== Open file descriptor 1: /dev/pts/0
==2399==    <inherited from parent>
==2399== 
==2399== Open file descriptor 0:
==2399==    <inherited from parent>
==2399== 
==2399== 
==2399== HEAP SUMMARY:
==2399==     in use at exit: 148 bytes in 2 blocks
==2399==   total heap usage: 21 allocs, 19 frees, 9,906 bytes allocated
==2399== 
==2399== LEAK SUMMARY:
==2399==    definitely lost: 0 bytes in 0 blocks
==2399==    indirectly lost: 0 bytes in 0 blocks
==2399==      possibly lost: 0 bytes in 0 blocks
==2399==    still reachable: 148 bytes in 2 blocks
==2399==         suppressed: 0 bytes in 0 blocks
==2399== Reachable blocks (those to which a pointer was found) are not shown.
==2399== To see them, rerun with: --leak-check=full --show-leak-kinds=all
==2399== 
==2399== For counts of detected and suppressed errors, rerun with: -v
==2399== ERROR SUMMARY: 0 errors from 0 contexts (suppressed: 0 from 0)
